<?xml version="1.0" encoding="UTF-8"?>
<TestRun id="22b9228b-df43-4c4f-a3e6-31b38f5120bc" name="ahans@DLUDOTNETLAB11 2014-03-28 15:16:53" runUser="SAPIENT\ahans" xmlns="http://microsoft.com/schemas/VisualStudio/TeamTest/2010">
  <TestSettings name="Local" id="1d8e7d6a-b1d4-4bee-bb22-b457cd09af5e">
    <Description>These are default test settings for a local test run.</Description>
    <Deployment enabled="false" runDeploymentRoot="ahans_DLUDOTNETLAB11 2014-03-28 15_16_53">
      <DeploymentItem filename="C:\Users\ahans\Desktop\DataAccessLayer\DataAccessLayer\bin\Debug\DataAccessLayer.dll" />
    </Deployment>
    <Execution>
      <TestTypeSpecific />
      <AgentRule name="Execution Agents">
      </AgentRule>
    </Execution>
  </TestSettings>
  <Times creation="2014-03-28T15:16:53.0692510+05:30" queuing="2014-03-28T15:17:19.1288567+05:30" start="2014-03-28T15:17:19.1998638+05:30" finish="2014-03-28T15:17:19.6539092+05:30" />
  <ResultSummary outcome="Completed">
    <Counters total="1" executed="1" passed="1" error="0" failed="0" timeout="0" aborted="0" inconclusive="0" passedButRunAborted="0" notRunnable="0" notExecuted="0" disconnected="0" warning="0" completed="0" inProgress="0" pending="0" />
  </ResultSummary>
  <TestDefinitions>
    <UnitTest name="GetClientNameByIDTest" storage="c:\users\ahans\desktop\dataaccesslayer\testportfolio\bin\debug\testportfolio.dll" id="5ff5278b-ff5e-b1ea-fd2f-80355d69e6f4">
      <Execution id="63377c86-b4f3-4511-9022-bbf176fc43c9" />
      <TestMethod codeBase="C:/Users/ahans/Desktop/DataAccessLayer/TestPortfolio/bin/Debug/TestPortfolio.DLL" adapterTypeName="Microsoft.VisualStudio.TestTools.TestTypes.Unit.UnitTestAdapter, Microsoft.VisualStudio.QualityTools.Tips.UnitTest.Adapter, Version=10.0.0.0, Culture=neutral, PublicKeyToken=b03f5f7f11d50a3a" className="TestPortfolio.PortfolioDALTest, TestPortfolio, Version=1.0.0.0, Culture=neutral, PublicKeyToken=null" name="GetClientNameByIDTest" />
    </UnitTest>
  </TestDefinitions>
  <TestLists>
    <TestList name="Results Not in a List" id="8c84fa94-04c1-424b-9868-57a2d4851a1d" />
    <TestList name="All Loaded Results" id="19431567-8539-422a-85d7-44ee4e166bda" />
  </TestLists>
  <TestEntries>
    <TestEntry testId="5ff5278b-ff5e-b1ea-fd2f-80355d69e6f4" executionId="63377c86-b4f3-4511-9022-bbf176fc43c9" testListId="8c84fa94-04c1-424b-9868-57a2d4851a1d" />
  </TestEntries>
  <Results>
    <UnitTestResult executionId="63377c86-b4f3-4511-9022-bbf176fc43c9" testId="5ff5278b-ff5e-b1ea-fd2f-80355d69e6f4" testName="GetClientNameByIDTest" computerName="DLUDOTNETLAB11" duration="00:00:00.1215088" startTime="2014-03-28T15:17:19.2288667+05:30" endTime="2014-03-28T15:17:19.5438982+05:30" testType="13cdc9d9-ddb5-4fa4-a97d-d965ccfc6d4b" outcome="Passed" testListId="8c84fa94-04c1-424b-9868-57a2d4851a1d" relativeResultsDirectory="63377c86-b4f3-4511-9022-bbf176fc43c9">
    </UnitTestResult>
  </Results>
</TestRun>