<?xml version="1.0" encoding="UTF-8"?>
<TestRun id="7df46ea6-a928-48fb-b6e4-cdbcf9325afd" name="ahans@DLUDOTNETLAB11 2014-03-28 15:24:42" runUser="SAPIENT\ahans" xmlns="http://microsoft.com/schemas/VisualStudio/TeamTest/2010">
  <TestSettings name="Local" id="1d8e7d6a-b1d4-4bee-bb22-b457cd09af5e">
    <Description>These are default test settings for a local test run.</Description>
    <Deployment enabled="false" runDeploymentRoot="ahans_DLUDOTNETLAB11 2014-03-28 15_24_42">
      <DeploymentItem filename="C:\Users\ahans\Desktop\DataAccessLayer\DataAccessLayer\bin\Debug\DataAccessLayer.dll" />
    </Deployment>
    <Execution>
      <TestTypeSpecific />
      <AgentRule name="Execution Agents">
      </AgentRule>
    </Execution>
  </TestSettings>
  <Times creation="2014-03-28T15:24:42.4931887+05:30" queuing="2014-03-28T15:24:42.5561950+05:30" start="2014-03-28T15:24:42.6522046+05:30" finish="2014-03-28T15:24:43.2652659+05:30" />
  <ResultSummary outcome="Failed">
    <Counters total="17" executed="17" passed="7" error="0" failed="5" timeout="0" aborted="0" inconclusive="5" passedButRunAborted="0" notRunnable="0" notExecuted="0" disconnected="0" warning="0" completed="0" inProgress="0" pending="0" />
  </ResultSummary>
  <TestDefinitions>
    <UnitTest name="GetSecurityNameByIDTest" storage="c:\users\ahans\desktop\dataaccesslayer\testportfolio\bin\debug\testportfolio.dll" id="e83d32c8-2424-d3dc-1816-43051dc58f65">
      <Execution id="d1248186-8c14-4656-933f-994ff4d770ad" />
      <TestMethod codeBase="C:/Users/ahans/Desktop/DataAccessLayer/TestPortfolio/bin/Debug/TestPortfolio.DLL" adapterTypeName="Microsoft.VisualStudio.TestTools.TestTypes.Unit.UnitTestAdapter, Microsoft.VisualStudio.QualityTools.Tips.UnitTest.Adapter, Version=10.0.0.0, Culture=neutral, PublicKeyToken=b03f5f7f11d50a3a" className="TestPortfolio.PortfolioDALTest, TestPortfolio, Version=1.0.0.0, Culture=neutral, PublicKeyToken=null" name="GetSecurityNameByIDTest" />
    </UnitTest>
    <UnitTest name="GetSecurityNameByIDTest1" storage="c:\users\ahans\desktop\dataaccesslayer\testportfolio\bin\debug\testportfolio.dll" id="88a7a2c8-6a84-651b-9534-b4142c1ab5bb">
      <Execution id="5b986538-d7d8-4241-b310-e99a8b6a8d57" />
      <TestMethod codeBase="C:/Users/ahans/Desktop/DataAccessLayer/TestPortfolio/bin/Debug/TestPortfolio.DLL" adapterTypeName="Microsoft.VisualStudio.TestTools.TestTypes.Unit.UnitTestAdapter, Microsoft.VisualStudio.QualityTools.Tips.UnitTest.Adapter, Version=10.0.0.0, Culture=neutral, PublicKeyToken=b03f5f7f11d50a3a" className="TestPortfolio.PortfolioDALTest, TestPortfolio, Version=1.0.0.0, Culture=neutral, PublicKeyToken=null" name="GetSecurityNameByIDTest1" />
    </UnitTest>
    <UnitTest name="GetAllOrdersTest" storage="c:\users\ahans\desktop\dataaccesslayer\testportfolio\bin\debug\testportfolio.dll" id="46349237-52c5-df9e-a369-b9d1ffa9bca5">
      <Execution id="cae54b25-2482-440c-9190-4b37163306ba" />
      <TestMethod codeBase="C:/Users/ahans/Desktop/DataAccessLayer/TestPortfolio/bin/Debug/TestPortfolio.DLL" adapterTypeName="Microsoft.VisualStudio.TestTools.TestTypes.Unit.UnitTestAdapter, Microsoft.VisualStudio.QualityTools.Tips.UnitTest.Adapter, Version=10.0.0.0, Culture=neutral, PublicKeyToken=b03f5f7f11d50a3a" className="TestPortfolio.PortfolioDALTest, TestPortfolio, Version=1.0.0.0, Culture=neutral, PublicKeyToken=null" name="GetAllOrdersTest" />
    </UnitTest>
    <UnitTest name="GetClientByIDTest" storage="c:\users\ahans\desktop\dataaccesslayer\testportfolio\bin\debug\testportfolio.dll" id="5c69526e-c64e-fbbf-93df-9cab5f290c3d">
      <Execution id="09b4630d-4c86-461d-b659-c5454e4800a6" />
      <TestMethod codeBase="C:/Users/ahans/Desktop/DataAccessLayer/TestPortfolio/bin/Debug/TestPortfolio.DLL" adapterTypeName="Microsoft.VisualStudio.TestTools.TestTypes.Unit.UnitTestAdapter, Microsoft.VisualStudio.QualityTools.Tips.UnitTest.Adapter, Version=10.0.0.0, Culture=neutral, PublicKeyToken=b03f5f7f11d50a3a" className="TestPortfolio.PortfolioDALTest, TestPortfolio, Version=1.0.0.0, Culture=neutral, PublicKeyToken=null" name="GetClientByIDTest" />
    </UnitTest>
    <UnitTest name="GetAllSecuritiesTest" storage="c:\users\ahans\desktop\dataaccesslayer\testportfolio\bin\debug\testportfolio.dll" id="16fea1bc-77dd-18f9-c382-0fa9e25b17d5">
      <Execution id="79bcfbe5-b900-44af-afd3-25613cbe97e9" />
      <TestMethod codeBase="C:/Users/ahans/Desktop/DataAccessLayer/TestPortfolio/bin/Debug/TestPortfolio.DLL" adapterTypeName="Microsoft.VisualStudio.TestTools.TestTypes.Unit.UnitTestAdapter, Microsoft.VisualStudio.QualityTools.Tips.UnitTest.Adapter, Version=10.0.0.0, Culture=neutral, PublicKeyToken=b03f5f7f11d50a3a" className="TestPortfolio.PortfolioDALTest, TestPortfolio, Version=1.0.0.0, Culture=neutral, PublicKeyToken=null" name="GetAllSecuritiesTest" />
    </UnitTest>
    <UnitTest name="GetStatusNameByIDTest1" storage="c:\users\ahans\desktop\dataaccesslayer\testportfolio\bin\debug\testportfolio.dll" id="532bd635-fb23-4f17-7953-f513d34e899a">
      <Execution id="6467dbd6-5e23-4677-9f70-6b01773f84a9" />
      <TestMethod codeBase="C:/Users/ahans/Desktop/DataAccessLayer/TestPortfolio/bin/Debug/TestPortfolio.DLL" adapterTypeName="Microsoft.VisualStudio.TestTools.TestTypes.Unit.UnitTestAdapter, Microsoft.VisualStudio.QualityTools.Tips.UnitTest.Adapter, Version=10.0.0.0, Culture=neutral, PublicKeyToken=b03f5f7f11d50a3a" className="TestPortfolio.PortfolioDALTest, TestPortfolio, Version=1.0.0.0, Culture=neutral, PublicKeyToken=null" name="GetStatusNameByIDTest1" />
    </UnitTest>
    <UnitTest name="GetPortfolioNameByIDTest1" storage="c:\users\ahans\desktop\dataaccesslayer\testportfolio\bin\debug\testportfolio.dll" id="610f8de5-afee-ff98-ad9c-2aed83158209">
      <Execution id="c2f68777-b183-4a33-b0d8-752be099bb55" />
      <TestMethod codeBase="C:/Users/ahans/Desktop/DataAccessLayer/TestPortfolio/bin/Debug/TestPortfolio.DLL" adapterTypeName="Microsoft.VisualStudio.TestTools.TestTypes.Unit.UnitTestAdapter, Microsoft.VisualStudio.QualityTools.Tips.UnitTest.Adapter, Version=10.0.0.0, Culture=neutral, PublicKeyToken=b03f5f7f11d50a3a" className="TestPortfolio.PortfolioDALTest, TestPortfolio, Version=1.0.0.0, Culture=neutral, PublicKeyToken=null" name="GetPortfolioNameByIDTest1" />
    </UnitTest>
    <UnitTest name="GetPortfolioByIDTest" storage="c:\users\ahans\desktop\dataaccesslayer\testportfolio\bin\debug\testportfolio.dll" id="705dfc40-81be-6571-ca82-4fef62591d17">
      <Execution id="b8695d7c-1fc6-4b04-a506-9615764261c0" />
      <TestMethod codeBase="C:/Users/ahans/Desktop/DataAccessLayer/TestPortfolio/bin/Debug/TestPortfolio.DLL" adapterTypeName="Microsoft.VisualStudio.TestTools.TestTypes.Unit.UnitTestAdapter, Microsoft.VisualStudio.QualityTools.Tips.UnitTest.Adapter, Version=10.0.0.0, Culture=neutral, PublicKeyToken=b03f5f7f11d50a3a" className="TestPortfolio.PortfolioDALTest, TestPortfolio, Version=1.0.0.0, Culture=neutral, PublicKeyToken=null" name="GetPortfolioByIDTest" />
    </UnitTest>
    <UnitTest name="GetOrderByIDTest" storage="c:\users\ahans\desktop\dataaccesslayer\testportfolio\bin\debug\testportfolio.dll" id="c03a139b-a29c-d9ca-b79c-01c6c08a4739">
      <Execution id="6b4d441a-773a-4b90-8403-bd4c60d0bb3b" />
      <TestMethod codeBase="C:/Users/ahans/Desktop/DataAccessLayer/TestPortfolio/bin/Debug/TestPortfolio.DLL" adapterTypeName="Microsoft.VisualStudio.TestTools.TestTypes.Unit.UnitTestAdapter, Microsoft.VisualStudio.QualityTools.Tips.UnitTest.Adapter, Version=10.0.0.0, Culture=neutral, PublicKeyToken=b03f5f7f11d50a3a" className="TestPortfolio.PortfolioDALTest, TestPortfolio, Version=1.0.0.0, Culture=neutral, PublicKeyToken=null" name="GetOrderByIDTest" />
    </UnitTest>
    <UnitTest name="DeleteOrderTest" storage="c:\users\ahans\desktop\dataaccesslayer\testportfolio\bin\debug\testportfolio.dll" id="c0a5455f-ae0b-0bca-976d-15db9a38057c">
      <Execution id="72b82f81-e00f-4ad5-8ed0-d70487160462" />
      <TestMethod codeBase="C:/Users/ahans/Desktop/DataAccessLayer/TestPortfolio/bin/Debug/TestPortfolio.DLL" adapterTypeName="Microsoft.VisualStudio.TestTools.TestTypes.Unit.UnitTestAdapter, Microsoft.VisualStudio.QualityTools.Tips.UnitTest.Adapter, Version=10.0.0.0, Culture=neutral, PublicKeyToken=b03f5f7f11d50a3a" className="TestPortfolio.PortfolioDALTest, TestPortfolio, Version=1.0.0.0, Culture=neutral, PublicKeyToken=null" name="DeleteOrderTest" />
    </UnitTest>
    <UnitTest name="UpdateOrderTest" storage="c:\users\ahans\desktop\dataaccesslayer\testportfolio\bin\debug\testportfolio.dll" id="59ba269d-96bd-39d4-f297-0bdc0659566b">
      <Execution id="05575881-c3ea-474a-bb3b-94b37c8689b7" />
      <TestMethod codeBase="C:/Users/ahans/Desktop/DataAccessLayer/TestPortfolio/bin/Debug/TestPortfolio.DLL" adapterTypeName="Microsoft.VisualStudio.TestTools.TestTypes.Unit.UnitTestAdapter, Microsoft.VisualStudio.QualityTools.Tips.UnitTest.Adapter, Version=10.0.0.0, Culture=neutral, PublicKeyToken=b03f5f7f11d50a3a" className="TestPortfolio.PortfolioDALTest, TestPortfolio, Version=1.0.0.0, Culture=neutral, PublicKeyToken=null" name="UpdateOrderTest" />
    </UnitTest>
    <UnitTest name="GetStatusByIDTest" storage="c:\users\ahans\desktop\dataaccesslayer\testportfolio\bin\debug\testportfolio.dll" id="77c7bd12-e4f5-dcda-084b-14b7265044e6">
      <Execution id="4a7a4c32-a336-4fb2-b321-93a53c5ba3de" />
      <TestMethod codeBase="C:/Users/ahans/Desktop/DataAccessLayer/TestPortfolio/bin/Debug/TestPortfolio.DLL" adapterTypeName="Microsoft.VisualStudio.TestTools.TestTypes.Unit.UnitTestAdapter, Microsoft.VisualStudio.QualityTools.Tips.UnitTest.Adapter, Version=10.0.0.0, Culture=neutral, PublicKeyToken=b03f5f7f11d50a3a" className="TestPortfolio.PortfolioDALTest, TestPortfolio, Version=1.0.0.0, Culture=neutral, PublicKeyToken=null" name="GetStatusByIDTest" />
    </UnitTest>
    <UnitTest name="GetStatusNameByIDTest" storage="c:\users\ahans\desktop\dataaccesslayer\testportfolio\bin\debug\testportfolio.dll" id="b5538dba-90b0-d1ef-67a1-3e79c9e68190">
      <Execution id="4d6f4d3c-ec64-46b9-a4e5-cf35a7ed98c2" />
      <TestMethod codeBase="C:/Users/ahans/Desktop/DataAccessLayer/TestPortfolio/bin/Debug/TestPortfolio.DLL" adapterTypeName="Microsoft.VisualStudio.TestTools.TestTypes.Unit.UnitTestAdapter, Microsoft.VisualStudio.QualityTools.Tips.UnitTest.Adapter, Version=10.0.0.0, Culture=neutral, PublicKeyToken=b03f5f7f11d50a3a" className="TestPortfolio.PortfolioDALTest, TestPortfolio, Version=1.0.0.0, Culture=neutral, PublicKeyToken=null" name="GetStatusNameByIDTest" />
    </UnitTest>
    <UnitTest name="InsertOrderTest" storage="c:\users\ahans\desktop\dataaccesslayer\testportfolio\bin\debug\testportfolio.dll" id="529ffe80-9ea8-18de-6813-b2e4ce660e20">
      <Execution id="0e70a915-4bf9-4031-be10-070ae60ed09d" />
      <TestMethod codeBase="C:/Users/ahans/Desktop/DataAccessLayer/TestPortfolio/bin/Debug/TestPortfolio.DLL" adapterTypeName="Microsoft.VisualStudio.TestTools.TestTypes.Unit.UnitTestAdapter, Microsoft.VisualStudio.QualityTools.Tips.UnitTest.Adapter, Version=10.0.0.0, Culture=neutral, PublicKeyToken=b03f5f7f11d50a3a" className="TestPortfolio.PortfolioDALTest, TestPortfolio, Version=1.0.0.0, Culture=neutral, PublicKeyToken=null" name="InsertOrderTest" />
    </UnitTest>
    <UnitTest name="GetPortfolioNameByIDTest" storage="c:\users\ahans\desktop\dataaccesslayer\testportfolio\bin\debug\testportfolio.dll" id="71f72818-b222-468e-a03b-8cff12d4dd73">
      <Execution id="d1714fe8-4986-4c9e-9b88-7e7194f10c2c" />
      <TestMethod codeBase="C:/Users/ahans/Desktop/DataAccessLayer/TestPortfolio/bin/Debug/TestPortfolio.DLL" adapterTypeName="Microsoft.VisualStudio.TestTools.TestTypes.Unit.UnitTestAdapter, Microsoft.VisualStudio.QualityTools.Tips.UnitTest.Adapter, Version=10.0.0.0, Culture=neutral, PublicKeyToken=b03f5f7f11d50a3a" className="TestPortfolio.PortfolioDALTest, TestPortfolio, Version=1.0.0.0, Culture=neutral, PublicKeyToken=null" name="GetPortfolioNameByIDTest" />
    </UnitTest>
    <UnitTest name="GetClientNameByIDTest" storage="c:\users\ahans\desktop\dataaccesslayer\testportfolio\bin\debug\testportfolio.dll" id="5ff5278b-ff5e-b1ea-fd2f-80355d69e6f4">
      <Execution id="86d4a297-3084-41c3-b649-dd4a4ba3a06a" />
      <TestMethod codeBase="C:/Users/ahans/Desktop/DataAccessLayer/TestPortfolio/bin/Debug/TestPortfolio.DLL" adapterTypeName="Microsoft.VisualStudio.TestTools.TestTypes.Unit.UnitTestAdapter, Microsoft.VisualStudio.QualityTools.Tips.UnitTest.Adapter, Version=10.0.0.0, Culture=neutral, PublicKeyToken=b03f5f7f11d50a3a" className="TestPortfolio.PortfolioDALTest, TestPortfolio, Version=1.0.0.0, Culture=neutral, PublicKeyToken=null" name="GetClientNameByIDTest" />
    </UnitTest>
    <UnitTest name="GetSecurityByIDTest" storage="c:\users\ahans\desktop\dataaccesslayer\testportfolio\bin\debug\testportfolio.dll" id="37c80459-83f7-119b-5a58-56a6145799ae">
      <Execution id="c8d426ca-9045-4384-afdb-4a046b7b04f4" />
      <TestMethod codeBase="C:/Users/ahans/Desktop/DataAccessLayer/TestPortfolio/bin/Debug/TestPortfolio.DLL" adapterTypeName="Microsoft.VisualStudio.TestTools.TestTypes.Unit.UnitTestAdapter, Microsoft.VisualStudio.QualityTools.Tips.UnitTest.Adapter, Version=10.0.0.0, Culture=neutral, PublicKeyToken=b03f5f7f11d50a3a" className="TestPortfolio.PortfolioDALTest, TestPortfolio, Version=1.0.0.0, Culture=neutral, PublicKeyToken=null" name="GetSecurityByIDTest" />
    </UnitTest>
  </TestDefinitions>
  <TestLists>
    <TestList name="Results Not in a List" id="8c84fa94-04c1-424b-9868-57a2d4851a1d" />
    <TestList name="All Loaded Results" id="19431567-8539-422a-85d7-44ee4e166bda" />
  </TestLists>
  <TestEntries>
    <TestEntry testId="16fea1bc-77dd-18f9-c382-0fa9e25b17d5" executionId="79bcfbe5-b900-44af-afd3-25613cbe97e9" testListId="8c84fa94-04c1-424b-9868-57a2d4851a1d" />
    <TestEntry testId="37c80459-83f7-119b-5a58-56a6145799ae" executionId="c8d426ca-9045-4384-afdb-4a046b7b04f4" testListId="8c84fa94-04c1-424b-9868-57a2d4851a1d" />
    <TestEntry testId="46349237-52c5-df9e-a369-b9d1ffa9bca5" executionId="cae54b25-2482-440c-9190-4b37163306ba" testListId="8c84fa94-04c1-424b-9868-57a2d4851a1d" />
    <TestEntry testId="529ffe80-9ea8-18de-6813-b2e4ce660e20" executionId="0e70a915-4bf9-4031-be10-070ae60ed09d" testListId="8c84fa94-04c1-424b-9868-57a2d4851a1d" />
    <TestEntry testId="532bd635-fb23-4f17-7953-f513d34e899a" executionId="6467dbd6-5e23-4677-9f70-6b01773f84a9" testListId="8c84fa94-04c1-424b-9868-57a2d4851a1d" />
    <TestEntry testId="59ba269d-96bd-39d4-f297-0bdc0659566b" executionId="05575881-c3ea-474a-bb3b-94b37c8689b7" testListId="8c84fa94-04c1-424b-9868-57a2d4851a1d" />
    <TestEntry testId="5c69526e-c64e-fbbf-93df-9cab5f290c3d" executionId="09b4630d-4c86-461d-b659-c5454e4800a6" testListId="8c84fa94-04c1-424b-9868-57a2d4851a1d" />
    <TestEntry testId="5ff5278b-ff5e-b1ea-fd2f-80355d69e6f4" executionId="86d4a297-3084-41c3-b649-dd4a4ba3a06a" testListId="8c84fa94-04c1-424b-9868-57a2d4851a1d" />
    <TestEntry testId="610f8de5-afee-ff98-ad9c-2aed83158209" executionId="c2f68777-b183-4a33-b0d8-752be099bb55" testListId="8c84fa94-04c1-424b-9868-57a2d4851a1d" />
    <TestEntry testId="705dfc40-81be-6571-ca82-4fef62591d17" executionId="b8695d7c-1fc6-4b04-a506-9615764261c0" testListId="8c84fa94-04c1-424b-9868-57a2d4851a1d" />
    <TestEntry testId="71f72818-b222-468e-a03b-8cff12d4dd73" executionId="d1714fe8-4986-4c9e-9b88-7e7194f10c2c" testListId="8c84fa94-04c1-424b-9868-57a2d4851a1d" />
    <TestEntry testId="77c7bd12-e4f5-dcda-084b-14b7265044e6" executionId="4a7a4c32-a336-4fb2-b321-93a53c5ba3de" testListId="8c84fa94-04c1-424b-9868-57a2d4851a1d" />
    <TestEntry testId="88a7a2c8-6a84-651b-9534-b4142c1ab5bb" executionId="5b986538-d7d8-4241-b310-e99a8b6a8d57" testListId="8c84fa94-04c1-424b-9868-57a2d4851a1d" />
    <TestEntry testId="b5538dba-90b0-d1ef-67a1-3e79c9e68190" executionId="4d6f4d3c-ec64-46b9-a4e5-cf35a7ed98c2" testListId="8c84fa94-04c1-424b-9868-57a2d4851a1d" />
    <TestEntry testId="c03a139b-a29c-d9ca-b79c-01c6c08a4739" executionId="6b4d441a-773a-4b90-8403-bd4c60d0bb3b" testListId="8c84fa94-04c1-424b-9868-57a2d4851a1d" />
    <TestEntry testId="c0a5455f-ae0b-0bca-976d-15db9a38057c" executionId="72b82f81-e00f-4ad5-8ed0-d70487160462" testListId="8c84fa94-04c1-424b-9868-57a2d4851a1d" />
    <TestEntry testId="e83d32c8-2424-d3dc-1816-43051dc58f65" executionId="d1248186-8c14-4656-933f-994ff4d770ad" testListId="8c84fa94-04c1-424b-9868-57a2d4851a1d" />
  </TestEntries>
  <Results>
    <UnitTestResult executionId="79bcfbe5-b900-44af-afd3-25613cbe97e9" testId="16fea1bc-77dd-18f9-c382-0fa9e25b17d5" testName="GetAllSecuritiesTest" computerName="DLUDOTNETLAB11" duration="00:00:00.1538084" startTime="2014-03-28T15:24:42.6862080+05:30" endTime="2014-03-28T15:24:43.0302424+05:30" testType="13cdc9d9-ddb5-4fa4-a97d-d965ccfc6d4b" outcome="Failed" testListId="8c84fa94-04c1-424b-9868-57a2d4851a1d" relativeResultsDirectory="79bcfbe5-b900-44af-afd3-25613cbe97e9">
      <Output>
        <ErrorInfo>
          <Message>Assert.AreEqual failed. Expected:&lt;System.Collections.Generic.List`1[DataAccessLayer.Security]&gt;. Actual:&lt;System.Collections.Generic.List`1[DataAccessLayer.Security]&gt;. </Message>
          <StackTrace>   at TestPortfolio.PortfolioDALTest.GetAllSecuritiesTest() in C:\Users\ahans\Desktop\DataAccessLayer\TestPortfolio\PortfolioDALTest.cs:line 108
</StackTrace>
        </ErrorInfo>
      </Output>
    </UnitTestResult>
    <UnitTestResult executionId="c8d426ca-9045-4384-afdb-4a046b7b04f4" testId="37c80459-83f7-119b-5a58-56a6145799ae" testName="GetSecurityByIDTest" computerName="DLUDOTNETLAB11" duration="00:00:00.0038482" startTime="2014-03-28T15:24:43.0362430+05:30" endTime="2014-03-28T15:24:43.0422436+05:30" testType="13cdc9d9-ddb5-4fa4-a97d-d965ccfc6d4b" outcome="Inconclusive" testListId="8c84fa94-04c1-424b-9868-57a2d4851a1d" relativeResultsDirectory="c8d426ca-9045-4384-afdb-4a046b7b04f4">
      <Output>
        <ErrorInfo>
          <Message>Assert.Inconclusive failed. Verify the correctness of this test method.</Message>
          <StackTrace>   at TestPortfolio.PortfolioDALTest.GetSecurityByIDTest() in C:\Users\ahans\Desktop\DataAccessLayer\TestPortfolio\PortfolioDALTest.cs:line 223
</StackTrace>
        </ErrorInfo>
      </Output>
    </UnitTestResult>
    <UnitTestResult executionId="cae54b25-2482-440c-9190-4b37163306ba" testId="46349237-52c5-df9e-a369-b9d1ffa9bca5" testName="GetAllOrdersTest" computerName="DLUDOTNETLAB11" duration="00:00:00.0319371" startTime="2014-03-28T15:24:43.0512445+05:30" endTime="2014-03-28T15:24:43.0852479+05:30" testType="13cdc9d9-ddb5-4fa4-a97d-d965ccfc6d4b" outcome="Failed" testListId="8c84fa94-04c1-424b-9868-57a2d4851a1d" relativeResultsDirectory="cae54b25-2482-440c-9190-4b37163306ba">
      <Output>
        <ErrorInfo>
          <Message>Assert.AreEqual failed. Expected:&lt;(null)&gt;. Actual:&lt;System.Collections.Generic.List`1[DataAccessLayer.Order]&gt;. </Message>
          <StackTrace>   at TestPortfolio.PortfolioDALTest.GetAllOrdersTest() in C:\Users\ahans\Desktop\DataAccessLayer\TestPortfolio\PortfolioDALTest.cs:line 78
</StackTrace>
        </ErrorInfo>
      </Output>
    </UnitTestResult>
    <UnitTestResult executionId="0e70a915-4bf9-4031-be10-070ae60ed09d" testId="529ffe80-9ea8-18de-6813-b2e4ce660e20" testName="InsertOrderTest" computerName="DLUDOTNETLAB11" duration="00:00:00.0054777" startTime="2014-03-28T15:24:43.0902484+05:30" endTime="2014-03-28T15:24:43.0972491+05:30" testType="13cdc9d9-ddb5-4fa4-a97d-d965ccfc6d4b" outcome="Failed" testListId="8c84fa94-04c1-424b-9868-57a2d4851a1d" relativeResultsDirectory="0e70a915-4bf9-4031-be10-070ae60ed09d">
      <Output>
        <ErrorInfo>
          <Message>Test method TestPortfolio.PortfolioDALTest.InsertOrderTest threw exception: 
System.ArgumentNullException: Value cannot be null.
Parameter name: entity</Message>
          <StackTrace>    at System.Data.Objects.ObjectContext.AddObject(String entitySetName, Object entity)
   at System.Data.Objects.ObjectSet`1.AddObject(TEntity entity)
   at DataAccessLayer.PortfolioDAL.InsertOrder(Order orderToInsert) in C:\Users\ahans\Desktop\DataAccessLayer\DataAccessLayer\PortfolioDAL.cs:line 51
   at TestPortfolio.PortfolioDALTest.InsertOrderTest() in C:\Users\ahans\Desktop\DataAccessLayer\TestPortfolio\PortfolioDALTest.cs:line 277
</StackTrace>
        </ErrorInfo>
      </Output>
    </UnitTestResult>
    <UnitTestResult executionId="6467dbd6-5e23-4677-9f70-6b01773f84a9" testId="532bd635-fb23-4f17-7953-f513d34e899a" testName="GetStatusNameByIDTest1" computerName="DLUDOTNETLAB11" duration="00:00:00.0043372" startTime="2014-03-28T15:24:43.1032497+05:30" endTime="2014-03-28T15:24:43.1092503+05:30" testType="13cdc9d9-ddb5-4fa4-a97d-d965ccfc6d4b" outcome="Passed" testListId="8c84fa94-04c1-424b-9868-57a2d4851a1d" relativeResultsDirectory="6467dbd6-5e23-4677-9f70-6b01773f84a9">
    </UnitTestResult>
    <UnitTestResult executionId="05575881-c3ea-474a-bb3b-94b37c8689b7" testId="59ba269d-96bd-39d4-f297-0bdc0659566b" testName="UpdateOrderTest" computerName="DLUDOTNETLAB11" duration="00:00:00.0023860" startTime="2014-03-28T15:24:43.1122506+05:30" endTime="2014-03-28T15:24:43.1162510+05:30" testType="13cdc9d9-ddb5-4fa4-a97d-d965ccfc6d4b" outcome="Failed" testListId="8c84fa94-04c1-424b-9868-57a2d4851a1d" relativeResultsDirectory="05575881-c3ea-474a-bb3b-94b37c8689b7">
      <Output>
        <ErrorInfo>
          <Message>Test method TestPortfolio.PortfolioDALTest.UpdateOrderTest threw exception: 
System.ArgumentNullException: Value cannot be null.
Parameter name: entity</Message>
          <StackTrace>    at System.Data.Objects.ObjectContext.AttachTo(String entitySetName, Object entity)
   at System.Data.Objects.ObjectSet`1.Attach(TEntity entity)
   at DataAccessLayer.PortfolioDAL.UpdateOrder(Order orderToUpdate) in C:\Users\ahans\Desktop\DataAccessLayer\DataAccessLayer\PortfolioDAL.cs:line 60
   at TestPortfolio.PortfolioDALTest.UpdateOrderTest() in C:\Users\ahans\Desktop\DataAccessLayer\TestPortfolio\PortfolioDALTest.cs:line 316
</StackTrace>
        </ErrorInfo>
      </Output>
    </UnitTestResult>
    <UnitTestResult executionId="09b4630d-4c86-461d-b659-c5454e4800a6" testId="5c69526e-c64e-fbbf-93df-9cab5f290c3d" testName="GetClientByIDTest" computerName="DLUDOTNETLAB11" duration="00:00:00.0146408" startTime="2014-03-28T15:24:43.1212515+05:30" endTime="2014-03-28T15:24:43.1382532+05:30" testType="13cdc9d9-ddb5-4fa4-a97d-d965ccfc6d4b" outcome="Inconclusive" testListId="8c84fa94-04c1-424b-9868-57a2d4851a1d" relativeResultsDirectory="09b4630d-4c86-461d-b659-c5454e4800a6">
      <Output>
        <ErrorInfo>
          <Message>Assert.Inconclusive failed. Verify the correctness of this test method.</Message>
          <StackTrace>   at TestPortfolio.PortfolioDALTest.GetClientByIDTest() in C:\Users\ahans\Desktop\DataAccessLayer\TestPortfolio\PortfolioDALTest.cs:line 124
</StackTrace>
        </ErrorInfo>
      </Output>
    </UnitTestResult>
    <UnitTestResult executionId="86d4a297-3084-41c3-b649-dd4a4ba3a06a" testId="5ff5278b-ff5e-b1ea-fd2f-80355d69e6f4" testName="GetClientNameByIDTest" computerName="DLUDOTNETLAB11" duration="00:00:00.0030273" startTime="2014-03-28T15:24:43.1432537+05:30" endTime="2014-03-28T15:24:43.1492543+05:30" testType="13cdc9d9-ddb5-4fa4-a97d-d965ccfc6d4b" outcome="Passed" testListId="8c84fa94-04c1-424b-9868-57a2d4851a1d" relativeResultsDirectory="86d4a297-3084-41c3-b649-dd4a4ba3a06a">
    </UnitTestResult>
    <UnitTestResult executionId="c2f68777-b183-4a33-b0d8-752be099bb55" testId="610f8de5-afee-ff98-ad9c-2aed83158209" testName="GetPortfolioNameByIDTest1" computerName="DLUDOTNETLAB11" duration="00:00:00.0036747" startTime="2014-03-28T15:24:43.1512545+05:30" endTime="2014-03-28T15:24:43.1572551+05:30" testType="13cdc9d9-ddb5-4fa4-a97d-d965ccfc6d4b" outcome="Passed" testListId="8c84fa94-04c1-424b-9868-57a2d4851a1d" relativeResultsDirectory="c2f68777-b183-4a33-b0d8-752be099bb55">
    </UnitTestResult>
    <UnitTestResult executionId="b8695d7c-1fc6-4b04-a506-9615764261c0" testId="705dfc40-81be-6571-ca82-4fef62591d17" testName="GetPortfolioByIDTest" computerName="DLUDOTNETLAB11" duration="00:00:00.0150662" startTime="2014-03-28T15:24:43.1602554+05:30" endTime="2014-03-28T15:24:43.1772571+05:30" testType="13cdc9d9-ddb5-4fa4-a97d-d965ccfc6d4b" outcome="Inconclusive" testListId="8c84fa94-04c1-424b-9868-57a2d4851a1d" relativeResultsDirectory="b8695d7c-1fc6-4b04-a506-9615764261c0">
      <Output>
        <ErrorInfo>
          <Message>Assert.Inconclusive failed. Verify the correctness of this test method.</Message>
          <StackTrace>   at TestPortfolio.PortfolioDALTest.GetPortfolioByIDTest() in C:\Users\ahans\Desktop\DataAccessLayer\TestPortfolio\PortfolioDALTest.cs:line 181
</StackTrace>
        </ErrorInfo>
      </Output>
    </UnitTestResult>
    <UnitTestResult executionId="d1714fe8-4986-4c9e-9b88-7e7194f10c2c" testId="71f72818-b222-468e-a03b-8cff12d4dd73" testName="GetPortfolioNameByIDTest" computerName="DLUDOTNETLAB11" duration="00:00:00.0017841" startTime="2014-03-28T15:24:43.1822576+05:30" endTime="2014-03-28T15:24:43.1862580+05:30" testType="13cdc9d9-ddb5-4fa4-a97d-d965ccfc6d4b" outcome="Passed" testListId="8c84fa94-04c1-424b-9868-57a2d4851a1d" relativeResultsDirectory="d1714fe8-4986-4c9e-9b88-7e7194f10c2c">
    </UnitTestResult>
    <UnitTestResult executionId="4a7a4c32-a336-4fb2-b321-93a53c5ba3de" testId="77c7bd12-e4f5-dcda-084b-14b7265044e6" testName="GetStatusByIDTest" computerName="DLUDOTNETLAB11" duration="00:00:00.0133949" startTime="2014-03-28T15:24:43.1882582+05:30" endTime="2014-03-28T15:24:43.2042598+05:30" testType="13cdc9d9-ddb5-4fa4-a97d-d965ccfc6d4b" outcome="Inconclusive" testListId="8c84fa94-04c1-424b-9868-57a2d4851a1d" relativeResultsDirectory="4a7a4c32-a336-4fb2-b321-93a53c5ba3de">
      <Output>
        <ErrorInfo>
          <Message>Assert.Inconclusive failed. Verify the correctness of this test method.</Message>
          <StackTrace>   at TestPortfolio.PortfolioDALTest.GetStatusByIDTest() in C:\Users\ahans\Desktop\DataAccessLayer\TestPortfolio\PortfolioDALTest.cs:line 267
</StackTrace>
        </ErrorInfo>
      </Output>
    </UnitTestResult>
    <UnitTestResult executionId="5b986538-d7d8-4241-b310-e99a8b6a8d57" testId="88a7a2c8-6a84-651b-9534-b4142c1ab5bb" testName="GetSecurityNameByIDTest1" computerName="DLUDOTNETLAB11" duration="00:00:00.0035905" startTime="2014-03-28T15:24:43.2092603+05:30" endTime="2014-03-28T15:24:43.2152609+05:30" testType="13cdc9d9-ddb5-4fa4-a97d-d965ccfc6d4b" outcome="Passed" testListId="8c84fa94-04c1-424b-9868-57a2d4851a1d" relativeResultsDirectory="5b986538-d7d8-4241-b310-e99a8b6a8d57">
    </UnitTestResult>
    <UnitTestResult executionId="4d6f4d3c-ec64-46b9-a4e5-cf35a7ed98c2" testId="b5538dba-90b0-d1ef-67a1-3e79c9e68190" testName="GetStatusNameByIDTest" computerName="DLUDOTNETLAB11" duration="00:00:00.0017851" startTime="2014-03-28T15:24:43.2182612+05:30" endTime="2014-03-28T15:24:43.2222616+05:30" testType="13cdc9d9-ddb5-4fa4-a97d-d965ccfc6d4b" outcome="Passed" testListId="8c84fa94-04c1-424b-9868-57a2d4851a1d" relativeResultsDirectory="4d6f4d3c-ec64-46b9-a4e5-cf35a7ed98c2">
    </UnitTestResult>
    <UnitTestResult executionId="6b4d441a-773a-4b90-8403-bd4c60d0bb3b" testId="c03a139b-a29c-d9ca-b79c-01c6c08a4739" testName="GetOrderByIDTest" computerName="DLUDOTNETLAB11" duration="00:00:00.0042202" startTime="2014-03-28T15:24:43.2252619+05:30" endTime="2014-03-28T15:24:43.2312625+05:30" testType="13cdc9d9-ddb5-4fa4-a97d-d965ccfc6d4b" outcome="Inconclusive" testListId="8c84fa94-04c1-424b-9868-57a2d4851a1d" relativeResultsDirectory="6b4d441a-773a-4b90-8403-bd4c60d0bb3b">
      <Output>
        <ErrorInfo>
          <Message>Assert.Inconclusive failed. Verify the correctness of this test method.</Message>
          <StackTrace>   at TestPortfolio.PortfolioDALTest.GetOrderByIDTest() in C:\Users\ahans\Desktop\DataAccessLayer\TestPortfolio\PortfolioDALTest.cs:line 166
</StackTrace>
        </ErrorInfo>
      </Output>
    </UnitTestResult>
    <UnitTestResult executionId="72b82f81-e00f-4ad5-8ed0-d70487160462" testId="c0a5455f-ae0b-0bca-976d-15db9a38057c" testName="DeleteOrderTest" computerName="DLUDOTNETLAB11" duration="00:00:00.0024237" startTime="2014-03-28T15:24:43.2372631+05:30" endTime="2014-03-28T15:24:43.2412635+05:30" testType="13cdc9d9-ddb5-4fa4-a97d-d965ccfc6d4b" outcome="Failed" testListId="8c84fa94-04c1-424b-9868-57a2d4851a1d" relativeResultsDirectory="72b82f81-e00f-4ad5-8ed0-d70487160462">
      <Output>
        <ErrorInfo>
          <Message>Test method TestPortfolio.PortfolioDALTest.DeleteOrderTest threw exception: 
System.ArgumentNullException: Value cannot be null.
Parameter name: entity</Message>
          <StackTrace>    at System.Data.Objects.ObjectContext.AttachTo(String entitySetName, Object entity)
   at System.Data.Objects.ObjectSet`1.Attach(TEntity entity)
   at DataAccessLayer.PortfolioDAL.DeleteOrder(Order orderToDelete) in C:\Users\ahans\Desktop\DataAccessLayer\DataAccessLayer\PortfolioDAL.cs:line 71
   at TestPortfolio.PortfolioDALTest.DeleteOrderTest() in C:\Users\ahans\Desktop\DataAccessLayer\TestPortfolio\PortfolioDALTest.cs:line 90
</StackTrace>
        </ErrorInfo>
      </Output>
    </UnitTestResult>
    <UnitTestResult executionId="d1248186-8c14-4656-933f-994ff4d770ad" testId="e83d32c8-2424-d3dc-1816-43051dc58f65" testName="GetSecurityNameByIDTest" computerName="DLUDOTNETLAB11" duration="00:00:00.0019319" startTime="2014-03-28T15:24:43.2472641+05:30" endTime="2014-03-28T15:24:43.2512645+05:30" testType="13cdc9d9-ddb5-4fa4-a97d-d965ccfc6d4b" outcome="Passed" testListId="8c84fa94-04c1-424b-9868-57a2d4851a1d" relativeResultsDirectory="d1248186-8c14-4656-933f-994ff4d770ad">
    </UnitTestResult>
  </Results>
</TestRun>