<?xml version="1.0" encoding="UTF-8"?>
<TestRun id="7f367c09-67a7-44bc-bc29-4331c39d8f17" name="ahans@DLUDOTNETLAB11 2014-03-28 14:39:07" runUser="SAPIENT\ahans" xmlns="http://microsoft.com/schemas/VisualStudio/TeamTest/2010">
  <TestSettings name="Local" id="1d8e7d6a-b1d4-4bee-bb22-b457cd09af5e">
    <Description>These are default test settings for a local test run.</Description>
    <Deployment userDeploymentRoot="C:\Users\ahans\Desktop\DataAccessLayer\TestResults" useDefaultDeploymentRoot="false" enabled="false" runDeploymentRoot="ahans_DLUDOTNETLAB11 2014-03-28 14_39_07">
      <DeploymentItem filename="C:\Users\ahans\Desktop\DataAccessLayer\DataAccessLayer\bin\Debug\DataAccessLayer.dll" />
    </Deployment>
    <Execution>
      <TestTypeSpecific />
      <AgentRule name="Execution Agents">
      </AgentRule>
    </Execution>
  </TestSettings>
  <Times creation="2014-03-28T14:39:07.7897457+05:30" queuing="2014-03-28T14:39:07.7897457+05:30" start="2014-03-28T14:39:07.7897457+05:30" finish="2014-03-28T14:39:11.4841151+05:30" />
  <ResultSummary outcome="Error">
    <Counters total="1" error="0" failed="0" timeout="0" aborted="0" inconclusive="0" passedButRunAborted="0" notRunnable="0" notExecuted="1" disconnected="0" warning="0" passed="0" completed="0" inProgress="0" pending="0" />
    <RunInfos>
      <RunInfo computerName="DLUDOTNETLAB11" outcome="Error" timestamp="2014-03-28T14:39:11.4841151+05:30">
        <Text>Failed to queue test run 'ahans@DLUDOTNETLAB11 2014-03-28 14:39:07': Unable to start program 'C:\Program Files (x86)\Microsoft Visual Studio 10.0\Common7\IDE\QTAgent32.exe'.

</Text>
        <Exception>System.Runtime.InteropServices.COMException (0x89710016): Unable to start program 'C:\Program Files (x86)\Microsoft Visual Studio 10.0\Common7\IDE\QTAgent32.exe'.


   at System.Windows.Forms.Control.MarshaledInvoke(Control caller, Delegate method, Object[] args, Boolean synchronous)
   at System.Windows.Forms.Control.Invoke(Delegate method, Object[] args)
   at Microsoft.VisualStudio.TestTools.TestCaseManagement.UIThreadInvoker.Invoke(Delegate method, Object[] args)
   at Microsoft.VisualStudio.TestTools.TestCaseManagement.SolutionIntegrationManager.DebugTarget(DebugInfo debugInfo, Boolean prepareEnvironment)
   at Microsoft.VisualStudio.TestTools.Agent.DebugProcessLauncher.Launch(String exeFileName, String args, String workingDir, IEnumerable`1 environmentVariables, EventHandler processExitedHandler, Process&amp; process)
   at Microsoft.VisualStudio.TestTools.Agent.OutOfProcessStrategy.LaunchProcessHelper(AgentProcessStartupInfo agentProcessStartupInfo)
   at Microsoft.VisualStudio.TestTools.Agent.OutOfProcessStrategy.StartAgentProcess(AgentProcessStartupInfo agentProcessStartupInfo, Boolean restarting)
   at Microsoft.VisualStudio.TestTools.Agent.OutOfProcessStrategy.StartAgentProcess(AgentProcessStartupInfo agentProcessStartupInfo)
   at Microsoft.VisualStudio.TestTools.Agent.AgentProxy.StartAgentProcess(AgentProcessStartupInfo agentProcessStartupInfo)
   at Microsoft.VisualStudio.TestTools.Agent.AgentProcessProxyManager.StartTestAgentProcesses(AgentProcessStartupInfo agentProcessStartupInfo)
   at Microsoft.VisualStudio.TestTools.Agent.AgentProcessManager.StartAgentProcess(AgentProcessStartupInfo agentProcessStartupInfo, Boolean startDataCollectionAgent)
   at Microsoft.VisualStudio.TestTools.Agent.AgentProcessManager.StartAgentProcess(AgentProcessStartupInfo agentProcessStartupInfo, TestRunConfiguration testRunConfiguration)
   at Microsoft.VisualStudio.TestTools.TestManagement.LocalControllerProxy.StartProcess(TestRun run)
   at Microsoft.VisualStudio.TestTools.TestManagement.LocalControllerProxy.PrepareProcess(TestRun run)
   at Microsoft.VisualStudio.TestTools.TestManagement.LocalControllerProxy.InitializeController(TestRun run)
   at Microsoft.VisualStudio.TestTools.TestManagement.ControllerProxy.QueueTestRunWorker(Object state)</Exception>
      </RunInfo>
    </RunInfos>
  </ResultSummary>
  <TestDefinitions>
    <UnitTest name="GetAllSecuritiesTest" storage="c:\users\ahans\desktop\dataaccesslayer\testportfolio\bin\debug\testportfolio.dll" id="f9548a8f-e2e0-22bb-6174-e0b687cb4d5f">
      <Execution id="c9f449f0-af8a-4758-9060-3dbe94f073be" />
      <TestMethod codeBase="C:/Users/ahans/Desktop/DataAccessLayer/TestPortfolio/bin/Debug/TestPortfolio.DLL" adapterTypeName="Microsoft.VisualStudio.TestTools.TestTypes.Unit.UnitTestAdapter, Microsoft.VisualStudio.QualityTools.Tips.UnitTest.Adapter, Version=10.0.0.0, Culture=neutral, PublicKeyToken=b03f5f7f11d50a3a" className="TestPortfolio.IPortfolioDALTest, TestPortfolio, Version=1.0.0.0, Culture=neutral, PublicKeyToken=null" name="GetAllSecuritiesTest" />
    </UnitTest>
  </TestDefinitions>
  <TestLists>
    <TestList name="Results Not in a List" id="8c84fa94-04c1-424b-9868-57a2d4851a1d" />
    <TestList name="All Loaded Results" id="19431567-8539-422a-85d7-44ee4e166bda" />
  </TestLists>
  <TestEntries>
    <TestEntry testId="f9548a8f-e2e0-22bb-6174-e0b687cb4d5f" executionId="c9f449f0-af8a-4758-9060-3dbe94f073be" testListId="8c84fa94-04c1-424b-9868-57a2d4851a1d" />
  </TestEntries>
  <Results>
    <UnitTestResult executionId="c9f449f0-af8a-4758-9060-3dbe94f073be" testId="f9548a8f-e2e0-22bb-6174-e0b687cb4d5f" testName="GetAllSecuritiesTest" computerName="DLUDOTNETLAB11" testType="13cdc9d9-ddb5-4fa4-a97d-d965ccfc6d4b" outcome="NotExecuted" testListId="8c84fa94-04c1-424b-9868-57a2d4851a1d" relativeResultsDirectory="c9f449f0-af8a-4758-9060-3dbe94f073be">
    </UnitTestResult>
  </Results>
</TestRun>