<?xml version="1.0" encoding="UTF-8"?>
<TestRun id="83d4fe69-316b-4faa-bce3-32e583821cbf" name="ahans@DLUDOTNETLAB11 2014-03-28 15:00:57" runUser="SAPIENT\ahans" xmlns="http://microsoft.com/schemas/VisualStudio/TeamTest/2010">
  <TestSettings name="Local" id="1d8e7d6a-b1d4-4bee-bb22-b457cd09af5e">
    <Description>These are default test settings for a local test run.</Description>
    <Deployment enabled="false" runDeploymentRoot="ahans_DLUDOTNETLAB11 2014-03-28 15_00_57">
      <DeploymentItem filename="C:\Users\ahans\Desktop\DataAccessLayer\DataAccessLayer\bin\Debug\DataAccessLayer.dll" />
    </Deployment>
    <Execution>
      <TestTypeSpecific />
      <AgentRule name="Execution Agents">
      </AgentRule>
    </Execution>
  </TestSettings>
  <Times creation="2014-03-28T15:00:57.3316868+05:30" queuing="2014-03-28T15:00:57.5127049+05:30" start="2014-03-28T15:00:57.5417078+05:30" finish="2014-03-28T15:00:58.2297766+05:30" />
  <ResultSummary outcome="Inconclusive">
    <Counters total="1" executed="1" error="0" failed="0" timeout="0" aborted="0" inconclusive="1" passedButRunAborted="0" notRunnable="0" notExecuted="0" disconnected="0" warning="0" passed="0" completed="0" inProgress="0" pending="0" />
  </ResultSummary>
  <TestDefinitions>
    <UnitTest name="GetSecurityNameByIDTest" storage="c:\users\ahans\desktop\dataaccesslayer\testportfolio\bin\debug\testportfolio.dll" id="e83d32c8-2424-d3dc-1816-43051dc58f65">
      <Execution id="6c05ce4e-9665-4be4-9089-aebd5b0d7bba" />
      <TestMethod codeBase="C:/Users/ahans/Desktop/DataAccessLayer/TestPortfolio/bin/Debug/TestPortfolio.DLL" adapterTypeName="Microsoft.VisualStudio.TestTools.TestTypes.Unit.UnitTestAdapter, Microsoft.VisualStudio.QualityTools.Tips.UnitTest.Adapter, Version=10.0.0.0, Culture=neutral, PublicKeyToken=b03f5f7f11d50a3a" className="TestPortfolio.PortfolioDALTest, TestPortfolio, Version=1.0.0.0, Culture=neutral, PublicKeyToken=null" name="GetSecurityNameByIDTest" />
    </UnitTest>
  </TestDefinitions>
  <TestLists>
    <TestList name="Results Not in a List" id="8c84fa94-04c1-424b-9868-57a2d4851a1d" />
    <TestList name="All Loaded Results" id="19431567-8539-422a-85d7-44ee4e166bda" />
  </TestLists>
  <TestEntries>
    <TestEntry testId="e83d32c8-2424-d3dc-1816-43051dc58f65" executionId="6c05ce4e-9665-4be4-9089-aebd5b0d7bba" testListId="8c84fa94-04c1-424b-9868-57a2d4851a1d" />
  </TestEntries>
  <Results>
    <UnitTestResult executionId="6c05ce4e-9665-4be4-9089-aebd5b0d7bba" testId="e83d32c8-2424-d3dc-1816-43051dc58f65" testName="GetSecurityNameByIDTest" computerName="DLUDOTNETLAB11" duration="00:00:00.3708351" startTime="2014-03-28T15:00:57.6307167+05:30" endTime="2014-03-28T15:00:58.1927729+05:30" testType="13cdc9d9-ddb5-4fa4-a97d-d965ccfc6d4b" outcome="Inconclusive" testListId="8c84fa94-04c1-424b-9868-57a2d4851a1d" relativeResultsDirectory="6c05ce4e-9665-4be4-9089-aebd5b0d7bba">
      <Output>
        <ErrorInfo>
          <Message>Assert.Inconclusive failed. Verify the correctness of this test method.</Message>
          <StackTrace>   at TestPortfolio.PortfolioDALTest.GetSecurityNameByIDTest() in C:\Users\ahans\Desktop\DataAccessLayer\TestPortfolio\PortfolioDALTest.cs:line 214
</StackTrace>
        </ErrorInfo>
      </Output>
    </UnitTestResult>
  </Results>
</TestRun>