<?xml version="1.0" encoding="UTF-8"?>
<TestRun id="d0135858-b28c-49c3-9712-85e67e0b5463" name="ahans@DLUDOTNETLAB11 2014-03-28 14:40:19" runUser="SAPIENT\ahans" xmlns="http://microsoft.com/schemas/VisualStudio/TeamTest/2010">
  <TestSettings name="Local" id="1d8e7d6a-b1d4-4bee-bb22-b457cd09af5e">
    <Description>These are default test settings for a local test run.</Description>
    <Deployment enabled="false" runDeploymentRoot="ahans_DLUDOTNETLAB11 2014-03-28 14_40_19">
      <DeploymentItem filename="C:\Users\ahans\Desktop\DataAccessLayer\DataAccessLayer\bin\Debug\DataAccessLayer.dll" />
    </Deployment>
    <Execution>
      <TestTypeSpecific />
      <AgentRule name="Execution Agents">
      </AgentRule>
    </Execution>
  </TestSettings>
  <Times creation="2014-03-28T14:40:19.1598820+05:30" queuing="2014-03-28T14:40:19.4449105+05:30" start="2014-03-28T14:40:19.4769137+05:30" finish="2014-03-28T14:40:20.0249685+05:30" />
  <ResultSummary outcome="Failed">
    <Counters total="1" executed="1" error="0" failed="1" timeout="0" aborted="0" inconclusive="0" passedButRunAborted="0" notRunnable="0" notExecuted="0" disconnected="0" warning="0" passed="0" completed="0" inProgress="0" pending="0" />
  </ResultSummary>
  <TestDefinitions>
    <UnitTest name="GetAllSecuritiesTest" storage="c:\users\ahans\desktop\dataaccesslayer\testportfolio\bin\debug\testportfolio.dll" id="f9548a8f-e2e0-22bb-6174-e0b687cb4d5f">
      <Execution id="70f63af9-7e17-4d21-8262-f0525b7debc7" />
      <TestMethod codeBase="C:/Users/ahans/Desktop/DataAccessLayer/TestPortfolio/bin/Debug/TestPortfolio.DLL" adapterTypeName="Microsoft.VisualStudio.TestTools.TestTypes.Unit.UnitTestAdapter, Microsoft.VisualStudio.QualityTools.Tips.UnitTest.Adapter, Version=10.0.0.0, Culture=neutral, PublicKeyToken=b03f5f7f11d50a3a" className="TestPortfolio.IPortfolioDALTest, TestPortfolio, Version=1.0.0.0, Culture=neutral, PublicKeyToken=null" name="GetAllSecuritiesTest" />
    </UnitTest>
  </TestDefinitions>
  <TestLists>
    <TestList name="Results Not in a List" id="8c84fa94-04c1-424b-9868-57a2d4851a1d" />
    <TestList name="All Loaded Results" id="19431567-8539-422a-85d7-44ee4e166bda" />
  </TestLists>
  <TestEntries>
    <TestEntry testId="f9548a8f-e2e0-22bb-6174-e0b687cb4d5f" executionId="70f63af9-7e17-4d21-8262-f0525b7debc7" testListId="8c84fa94-04c1-424b-9868-57a2d4851a1d" />
  </TestEntries>
  <Results>
    <UnitTestResult executionId="70f63af9-7e17-4d21-8262-f0525b7debc7" testId="f9548a8f-e2e0-22bb-6174-e0b687cb4d5f" testName="GetAllSecuritiesTest" computerName="DLUDOTNETLAB11" duration="00:00:00.2765186" startTime="2014-03-28T14:40:19.4969157+05:30" endTime="2014-03-28T14:40:19.9979658+05:30" testType="13cdc9d9-ddb5-4fa4-a97d-d965ccfc6d4b" outcome="Failed" testListId="8c84fa94-04c1-424b-9868-57a2d4851a1d" relativeResultsDirectory="70f63af9-7e17-4d21-8262-f0525b7debc7">
      <Output>
        <ErrorInfo>
          <Message>Test method TestPortfolio.IPortfolioDALTest.GetAllSecuritiesTest threw exception: 
System.ArgumentException: The specified named connection is either not found in the configuration, not intended to be used with the EntityClient provider, or not valid.</Message>
          <StackTrace>    at System.Data.EntityClient.EntityConnection.ChangeConnectionString(String newConnectionString)
   at System.Data.EntityClient.EntityConnection..ctor(String connectionString)
   at System.Data.Objects.ObjectContext.CreateEntityConnection(String connectionString)
   at System.Data.Objects.ObjectContext..ctor(String connectionString, String defaultContainerName)
   at DataAccessLayer.EquityTradingDBEntities..ctor() in C:\Users\ahans\Desktop\DataAccessLayer\DataAccessLayer\ModelEquityTrading.Context.cs:line 23
   at DataAccessLayer.PortfolioDAL.GetAllSecurities() in C:\Users\ahans\Desktop\DataAccessLayer\DataAccessLayer\PortfolioDAL.cs:line 25
   at TestPortfolio.IPortfolioDALTest.GetAllSecuritiesTest() in C:\Users\ahans\Desktop\DataAccessLayer\TestPortfolio\IPortfolioDALTest.cs:line 115
</StackTrace>
        </ErrorInfo>
      </Output>
    </UnitTestResult>
  </Results>
</TestRun>